2022-04-10T13:09:56.601Z [error]: Cannot read property 'filename' of undefined
2022-04-10T13:12:44.707Z [error]: Cannot read property 'filename' of undefined
2022-04-10T13:14:10.887Z [error]: Cannot read property 'filename' of undefined
2022-04-10T13:14:19.387Z [error]: Cannot read property 'filename' of undefined
2022-04-11T01:07:07.476Z [info]: server started at port: 3001
2022-04-11T01:07:59.140Z [error]: Cannot read property 'length' of undefined
2022-04-11T01:30:13.132Z [error]: Cannot read property 'length' of undefined
2022-04-11T01:36:21.852Z [error]: Cannot read property 'filename' of undefined
2022-04-11T08:06:53.263Z [error]: Could not connect to any servers in your MongoDB Atlas cluster. One common reason is that you're trying to access the database from an IP that isn't whitelisted. Make sure your current IP address is on your Atlas cluster's IP whitelist: https://docs.atlas.mongodb.com/security-whitelist/
2022-04-12T02:35:15.642Z [error]: connect ETIMEDOUT 35.247.131.114:27017
2022-04-12T05:20:31.854Z [error]: Cannot read property 'filename' of undefined
2022-04-12T05:21:00.460Z [error]: Cannot read property 'filename' of undefined
2022-04-12T05:22:00.876Z [error]: Cannot read property 'filename' of undefined
2022-04-12T05:23:55.217Z [info]: server started at port: 3001
2022-04-12T05:24:14.861Z [error]: Operation `tokens.findOne()` buffering timed out after 10000ms
2022-04-12T05:24:27.092Z [error]: Operation `tokens.findOne()` buffering timed out after 10000ms
2022-04-12T05:24:46.269Z [error]: message: MongooseError: Operation `users.findOne()` buffering timed out after 10000ms
2022-04-12T05:25:47.257Z [error]: Operation `tokens.findOne()` buffering timed out after 10000ms
2022-04-12T05:26:03.862Z [error]: message: MongooseError: Operation `users.findOne()` buffering timed out after 10000ms
2022-04-12T05:28:20.294Z [error]: Operation `tokens.findOne()` buffering timed out after 10000ms
2022-04-12T05:28:32.058Z [error]: message: MongooseError: Operation `users.findOne()` buffering timed out after 10000ms
2022-04-12T05:31:30.505Z [info]: server started at port: 3001
2022-04-12T05:32:29.214Z [error]: Cannot read property 'filename' of undefined
2022-04-12T05:36:56.665Z [error]: Cannot read property 'filename' of undefined
2022-04-12T05:39:30.318Z [error]: Cannot read property 'filename' of undefined
2022-04-12T06:04:19.802Z [error]: Cannot read property 'filename' of undefined
2022-04-12T06:10:47.346Z [error]: Cannot read property 'filename' of undefined
2022-04-12T06:13:17.518Z [error]: Cannot read property 'filename' of undefined
2022-04-12T06:18:35.972Z [error]: Cannot read property 'filename' of undefined
2022-04-12T06:20:51.399Z [info]: server started at port: 3001
2022-04-12T06:21:00.588Z [error]: Cannot read property 'filename' of undefined
2022-04-12T06:29:10.530Z [error]: Cannot read property 'filename' of undefined
2022-04-12T06:39:56.744Z [error]: Cannot read property 'filename' of undefined
2022-04-12T07:16:39.247Z [info]: server started at port: 3001
2022-04-12T07:17:35.105Z [error]: Operation `offlinegalleries.insertOne()` buffering timed out after 10000ms
2022-04-12T07:19:40.562Z [info]: server started at port: 3001
2022-04-12T07:20:29.700Z [error]: Operation `tokens.findOne()` buffering timed out after 10000ms
2022-04-12T07:21:38.838Z [error]: message: MongooseError: Operation `users.findOne()` buffering timed out after 10000ms
2022-04-12T07:26:01.970Z [error]: message: MongooseError: Operation `users.findOne()` buffering timed out after 10000ms
2022-04-12T07:26:26.359Z [error]: Operation `tokens.findOne()` buffering timed out after 10000ms
2022-04-12T07:26:36.897Z [error]: Operation `tokens.findOne()` buffering timed out after 10000ms
2022-04-12T07:27:05.311Z [error]: message: MongooseError: Operation `users.findOne()` buffering timed out after 10000ms
2022-04-12T07:27:13.086Z [info]: server started at port: 3001
2022-04-12T08:04:18.572Z [info]: server started at port: 3001
2022-04-12T08:47:50.389Z [error]: Cannot read property 'filename' of undefined
2022-04-12T08:48:20.816Z [error]: Cannot read property 'filename' of undefined
2022-04-12T08:48:25.759Z [error]: Cannot read property 'filename' of undefined
2022-04-13T00:15:20.947Z [error]: Cannot read property 'filename' of undefined
2022-04-13T00:48:24.135Z [error]: Cannot read property 'filename' of undefined
2022-04-13T01:12:42.238Z [error]: Cannot read property 'filename' of undefined
2022-04-13T01:12:52.008Z [error]: Cannot read property 'filename' of undefined
2022-04-13T01:17:16.426Z [error]: Cannot read property 'filename' of undefined
2022-04-13T02:55:54.840Z [error]: Cannot read property 'filename' of undefined
2022-04-13T03:12:52.891Z [error]: Cannot read property 'filename' of undefined
2022-04-13T03:27:35.045Z [info]: server started at port: 3001
2022-04-13T03:28:44.284Z [info]: server started at port: 3001
2022-04-13T03:34:04.472Z [error]: Cannot read property 'filename' of undefined
2022-04-13T03:34:43.377Z [error]: Cannot read property 'filename' of undefined
2022-04-13T03:36:59.380Z [error]: Cannot read property 'filename' of undefined
2022-04-13T05:27:58.597Z [error]: Could not connect to any servers in your MongoDB Atlas cluster. One common reason is that you're trying to access the database from an IP that isn't whitelisted. Make sure your current IP address is on your Atlas cluster's IP whitelist: https://docs.atlas.mongodb.com/security-whitelist/
2022-04-13T05:41:20.340Z [error]: Could not connect to any servers in your MongoDB Atlas cluster. One common reason is that you're trying to access the database from an IP that isn't whitelisted. Make sure your current IP address is on your Atlas cluster's IP whitelist: https://docs.atlas.mongodb.com/security-whitelist/
2022-04-16T13:00:20.500Z [error]: connect ETIMEDOUT 34.87.143.29:27017
2022-04-17T06:28:22.093Z [info]: server started at port: 3001
2022-04-17T06:29:08.735Z [error]: Cannot read property 'length' of undefined
2022-04-17T06:49:02.109Z [error]: Cannot read property 'length' of undefined
2022-04-17T06:49:55.870Z [info]: server started at port: 3001
2022-04-17T06:50:11.694Z [error]: Operation `tokens.findOne()` buffering timed out after 10000ms
2022-04-17T06:50:21.634Z [error]: Operation `tokens.findOne()` buffering timed out after 10000ms
2022-04-17T06:51:10.108Z [error]: Operation `tokens.findOne()` buffering timed out after 10000ms
2022-04-17T06:51:27.287Z [error]: message: MongooseError: Operation `users.findOne()` buffering timed out after 10000ms
2022-04-17T06:58:57.583Z [error]: message: MongooseError: Operation `users.findOne()` buffering timed out after 10000ms
2022-04-17T06:59:04.723Z [info]: server started at port: 3001
2022-04-17T06:59:20.313Z [error]: Cannot read property 'length' of undefined
2022-04-17T07:51:23.276Z [error]: Cannot read property 'length' of undefined
2022-04-17T07:56:19.064Z [error]: Cannot read property 'length' of undefined
2022-04-17T07:57:03.030Z [error]: Cannot read property 'length' of undefined
2022-04-17T08:05:02.309Z [error]: Cannot read property 'length' of undefined
2022-04-17T08:08:25.877Z [info]: server started at port: 3001
2022-04-17T08:57:22.254Z [info]: server started at port: 3001
2022-04-17T09:15:32.945Z [info]: server started at port: 3001
2022-04-17T09:15:59.154Z [info]: server started at port: 3001
2022-04-17T13:32:24.474Z [info]: server started at port: 3001
2022-04-17T13:34:24.536Z [info]: server started at port: 3001
2022-04-18T01:24:09.251Z [info]: server started at port: 3001
2022-04-18T01:25:41.334Z [error]: Operation `tokens.findOne()` buffering timed out after 10000ms
2022-04-18T01:27:51.889Z [error]: message: MongooseError: Operation `users.findOne()` buffering timed out after 10000ms
2022-04-18T01:28:01.540Z [info]: server started at port: 3001
2022-04-18T01:30:46.471Z [error]: message: MongooseError: Operation `users.findOne()` buffering timed out after 10000ms
2022-04-18T01:31:22.369Z [info]: server started at port: 3001
2022-04-18T01:33:39.059Z [error]: Cannot read property 'length' of undefined
2022-04-18T01:35:54.425Z [error]: Cannot read property 'length' of undefined
2022-04-18T01:38:19.668Z [error]: Cannot read property 'length' of undefined
2022-04-18T01:38:27.030Z [error]: Cannot read property 'length' of undefined
2022-04-18T01:41:21.725Z [error]: Cannot read property 'length' of undefined
2022-04-18T01:58:25.999Z [info]: server started at port: 3001
2022-04-18T06:06:21.721Z [info]: server started at port: 3001
2022-04-18T06:11:15.641Z [info]: server started at port: 3001
2022-04-18T06:11:57.407Z [info]: server started at port: 3001
2022-04-18T06:28:16.363Z [error]: message: MongooseServerSelectionError: connection timed out
2022-04-18T06:28:19.077Z [error]: Cannot read property 'length' of undefined
2022-04-18T06:30:12.266Z [error]: message: MongoNetworkError: connect ETIMEDOUT 34.87.143.29:27017
2022-04-18T06:31:21.071Z [error]: message: MongoNetworkError: connect ETIMEDOUT 34.87.143.29:27017
2022-04-18T06:32:01.450Z [info]: server started at port: 3001
2022-04-18T06:33:31.394Z [error]: message: MongooseError: Operation `users.findOne()` buffering timed out after 10000ms
2022-04-18T06:34:52.090Z [error]: Operation `tokens.findOne()` buffering timed out after 10000ms
2022-04-18T06:35:04.114Z [error]: message: MongooseError: Operation `users.findOne()` buffering timed out after 10000ms
2022-04-18T06:36:09.949Z [error]: message: MongooseError: Operation `users.findOne()` buffering timed out after 10000ms
2022-04-18T06:36:17.171Z [info]: server started at port: 3001
2022-04-18T06:36:39.408Z [error]: message: MongooseError: Operation `users.findOne()` buffering timed out after 10000ms
2022-04-18T06:37:34.005Z [info]: server started at port: 3001
2022-04-18T07:21:13.478Z [info]: server started at port: 3001
2022-04-18T07:21:27.607Z [error]: Project find error: /getProjectforManager
2022-04-18T07:21:27.609Z [error]: Project find error: /getProjectforManager
2022-04-18T07:21:39.070Z [error]: Operation `tokens.findOne()` buffering timed out after 10000ms
2022-04-18T07:21:52.457Z [error]: Operation `tokens.findOne()` buffering timed out after 10000ms
2022-04-18T07:22:03.267Z [info]: server started at port: 3001
2022-04-18T07:27:33.928Z [info]: server started at port: 3001
2022-04-18T14:08:14.404Z [info]: server started at port: 3001
2022-04-18T14:08:30.612Z [error]: Project find error: /getProjectforManager
2022-04-18T14:10:26.379Z [info]: server started at port: 3001
2022-04-18T14:12:37.839Z [info]: server started at port: 3001
2022-04-18T14:15:10.431Z [info]: server started at port: 3001
2022-04-19T00:39:19.766Z [info]: server started at port: 3001
2022-04-19T00:39:59.270Z [error]: Cannot read property 'length' of undefined
2022-04-19T00:55:23.846Z [info]: server started at port: 3001
2022-04-19T01:04:37.894Z [error]: Project find error: /getProjectforManager
2022-04-19T01:04:37.896Z [error]: Project find error: /getProjectforManager
2022-04-19T01:04:37.902Z [error]: Project find error: /getProjectforManager
2022-04-19T01:04:37.903Z [error]: Project find error: /getProjectforManager
2022-04-19T01:05:27.213Z [info]: server started at port: 3001
2022-04-19T01:05:41.705Z [error]: Operation `tokens.findOne()` buffering timed out after 10000ms
2022-04-19T01:05:53.623Z [info]: server started at port: 3001
2022-04-19T01:34:30.644Z [info]: server started at port: 3001
2022-04-19T01:34:47.133Z [error]: Error: /getOfflineGallery
2022-04-19T01:34:47.134Z [error]: Error: /getOfflineGallery
2022-04-19T01:34:47.135Z [error]: Error: /getOffline
2022-04-19T01:34:47.136Z [error]: Error: /getOffline
2022-04-20T01:42:01.833Z [info]: server started at port: 3001
2022-04-20T05:05:11.405Z [error]: connect ETIMEDOUT 34.87.143.29:27017
2022-04-25T01:08:30.028Z [info]: server started at port: 3001
2022-04-25T01:10:51.738Z [error]: Cannot read property 'length' of undefined
2022-04-25T01:27:07.113Z [error]: Cannot read property 'length' of undefined
2022-04-25T01:37:46.279Z [error]: Cannot read property 'length' of undefined
2022-04-25T01:38:38.493Z [error]: Cannot read property 'length' of undefined
2022-04-25T01:39:48.428Z [error]: Cast to Number failed for value "NaN" (type number) at path "progress"
2022-04-25T01:50:21.966Z [error]: Error: /updateUserAdmin - CastError: Cast to string failed for value "[ 'user' ]" (type Array) at path "category"
2022-04-25T01:50:47.475Z [error]: Error: /updateUserAdmin - CastError: Cast to string failed for value "[ 'user' ]" (type Array) at path "category"
2022-04-25T01:52:32.587Z [error]: Error: /updateUserAdmin - CastError: Cast to string failed for value "[ 'manager' ]" (type Array) at path "category"
2022-04-25T02:23:38.800Z [info]: server started at port: 3001
2022-04-25T08:16:23.473Z [error]: connect ETIMEDOUT 34.87.143.29:27017
2022-04-26T01:32:06.345Z [info]: server started at port: 3001
2022-04-26T01:32:24.149Z [error]: Error: /updatetaskadmin
2022-04-26T01:32:24.151Z [error]: Error: /updatetaskadmin
2022-04-26T01:32:40.052Z [info]: server started at port: 3001
2022-04-26T01:33:24.133Z [error]: Cannot read property 'length' of undefined
2022-04-28T05:28:45.999Z [info]: server started at port: 3001
2022-04-28T05:41:24.144Z [info]: server started at port: 3001
2022-04-28T05:41:43.805Z [info]: server started at port: 3001
2022-04-28T05:41:54.879Z [info]: server started at port: 3001
2022-04-28T05:45:39.061Z [error]: Cannot read property 'length' of undefined
2022-04-28T05:56:51.160Z [error]: Cannot read property 'length' of undefined
2022-04-28T06:54:19.706Z [error]: Cannot read property 'length' of undefined
2022-04-28T06:56:52.166Z [error]: Cannot read property 'length' of undefined
2022-04-28T07:04:12.168Z [error]: Cannot read property 'length' of undefined
2022-04-28T07:05:35.892Z [error]: Cannot read property 'length' of undefined
2022-04-28T07:06:42.147Z [error]: Cannot read property 'length' of undefined
2022-04-28T07:52:39.233Z [error]: Cannot read property 'length' of undefined
2022-04-29T02:05:31.059Z [info]: server started at port: 3001
2022-04-29T02:21:01.207Z [info]: server started at port: 3001
2022-04-29T02:32:23.682Z [info]: server started at port: 3001
2022-04-29T02:37:55.991Z [info]: server started at port: 3001
2022-04-29T05:34:56.878Z [info]: server started at port: 3001
2022-04-29T05:39:45.126Z [info]: server started at port: 3001
2022-04-29T05:40:35.160Z [error]: Studies validation failed: fundingCategory: Path `fundingCategory` is required., fundingAgency: Path `fundingAgency` is required.
2022-04-29T05:42:54.760Z [error]: Studies validation failed: fundingCategory: Path `fundingCategory` is required., fundingAgency: Path `fundingAgency` is required.
2022-04-29T05:43:21.668Z [error]: Studies validation failed: fundingCategory: Path `fundingCategory` is required., fundingAgency: Path `fundingAgency` is required.
2022-04-29T05:44:28.420Z [info]: server started at port: 3001
2022-04-29T05:44:55.664Z [error]: Studies validation failed: fundingCategory: Path `fundingCategory` is required., fundingAgency: Path `fundingAgency` is required.
2022-04-29T05:47:03.765Z [info]: server started at port: 3001
2022-04-29T05:47:30.845Z [error]: Cast to Number failed for value "NaN" (type number) at path "progress"
2022-04-29T06:53:30.071Z [info]: server started at port: 3001
2022-04-29T06:54:51.737Z [info]: server started at port: 3001
2022-04-29T08:07:26.292Z [info]: server started at port: 3001
2022-05-02T00:47:14.477Z [info]: server started at port: 3001
2022-05-02T00:53:11.407Z [error]: Cannot read property 'length' of undefined
2022-05-02T00:54:17.693Z [error]: Cannot read property 'length' of undefined
2022-05-02T00:56:07.545Z [error]: Cannot read property 'length' of undefined
2022-05-02T01:47:56.086Z [error]: Cannot read property 'length' of undefined
2022-05-02T02:47:56.177Z [error]: Cannot read property 'length' of undefined
2022-05-02T03:00:08.414Z [error]: Update Program
2022-05-02T03:00:08.415Z [error]: Update project find error: /updateProject
2022-05-02T03:00:41.125Z [error]: Cannot read property 'length' of undefined
2022-05-02T03:01:01.311Z [error]: Cannot read property 'length' of undefined
2022-05-02T03:09:12.477Z [error]: Cannot read property 'length' of undefined
2022-05-02T03:09:12.886Z [error]: Cannot read property 'length' of undefined
2022-05-02T03:13:12.629Z [error]: Cannot read property 'length' of undefined
2022-05-02T03:13:13.138Z [error]: Cannot read property 'length' of undefined
2022-05-02T03:42:45.341Z [error]: Cannot read property 'length' of undefined
2022-05-02T03:43:52.291Z [error]: Cannot read property 'length' of undefined
2022-05-02T03:43:52.797Z [error]: Cannot read property 'length' of undefined
2022-05-02T03:49:40.946Z [error]: Cannot read property 'length' of undefined
2022-05-02T05:59:02.589Z [error]: Cannot read property 'length' of undefined
2022-05-02T06:01:56.562Z [error]: Cast to Number failed for value "NaN" (type number) at path "progress"
2022-05-02T06:18:20.900Z [error]: Cast to Number failed for value "NaN" (type number) at path "progress"
2022-05-02T06:54:16.583Z [error]: Cannot read property 'length' of undefined
2022-05-02T06:55:06.513Z [error]: Cast to Number failed for value "NaN" (type number) at path "progress"
2022-05-04T00:55:42.966Z [error]: Could not connect to any servers in your MongoDB Atlas cluster. One common reason is that you're trying to access the database from an IP that isn't whitelisted. Make sure your current IP address is on your Atlas cluster's IP whitelist: https://docs.atlas.mongodb.com/security-whitelist/
2022-05-06T03:11:05.804Z [info]: server started at port: 3001
2022-05-06T03:13:31.301Z [error]: Cannot read property 'length' of undefined
2022-05-06T03:35:27.954Z [info]: server started at port: 3001
2022-05-06T03:40:53.790Z [info]: server started at port: 3001
2022-05-06T03:43:23.700Z [info]: server started at port: 3001
2022-05-06T03:45:30.657Z [info]: server started at port: 3001
2022-05-06T03:45:37.229Z [info]: server started at port: 3001
2022-05-06T03:49:49.690Z [info]: server started at port: 3001
2022-05-06T03:50:12.313Z [info]: server started at port: 3001
2022-05-06T03:56:16.530Z [info]: server started at port: 3001
2022-05-06T03:56:20.204Z [error]: Cannot read property 'length' of undefined
2022-05-06T07:10:45.035Z [info]: server started at port: 3001
2022-05-06T07:15:42.467Z [error]: Cannot read property 'length' of undefined
2022-05-06T07:18:30.061Z [info]: server started at port: 3001
2022-05-06T07:19:08.209Z [info]: server started at port: 3001
