{"level":"info","message":"server started at port: 3001","timestamp":"2021-08-30T13:16:30.506Z"}
{"level":"info","message":"server started at port: 3001","timestamp":"2021-08-30T13:39:16.739Z"}
{"level":"info","message":"server started at port: 3001","timestamp":"2021-08-30T13:59:29.508Z"}
{"level":"info","message":"server started at port: 3001","timestamp":"2021-08-30T14:46:09.710Z"}
{"level":"info","message":"server started at port: 3001","timestamp":"2021-08-30T14:47:45.962Z"}
{"level":"info","message":"server started at port: 3001","timestamp":"2021-08-30T14:53:00.427Z"}
{"level":"info","message":"server started at port: 3001","timestamp":"2021-08-30T14:59:15.182Z"}
{"level":"info","message":"server started at port: 3001","timestamp":"2021-08-30T15:03:12.884Z"}
{"level":"info","message":"server started at port: 3001","timestamp":"2021-08-30T15:05:56.028Z"}
{"level":"error","timestamp":"2021-08-31T00:42:56.187Z"}
{"level":"error","message":"Error: email sending","timestamp":"2021-08-31T00:44:43.439Z"}
{"level":"error","message":"Error: email sending","timestamp":"2021-08-31T00:52:47.339Z"}
{"level":"info","message":"server started at port: 3001","timestamp":"2021-08-31T00:56:04.294Z"}
{"level":"error","timestamp":"2021-08-31T00:56:42.150Z"}
{"level":"error","message":"Error: email sending","timestamp":"2021-08-31T00:57:13.630Z"}
{"level":"error","timestamp":"2021-08-31T01:02:53.541Z"}
{"level":"error","timestamp":"2021-08-31T01:03:25.873Z"}
{"level":"error","timestamp":"2021-08-31T05:09:38.958Z"}
{"level":"error","timestamp":"2021-08-31T07:22:44.468Z"}
{"level":"error","timestamp":"2021-08-31T07:22:56.928Z"}
{"errors":{"budget":{"stringValue":"\"test\"","valueType":"string","kind":"Number","value":"test","path":"budget","reason":{"generatedMessage":true,"code":"ERR_ASSERTION","actual":false,"expected":true,"operator":"=="},"name":"CastError","message":"Cast to Number failed for value \"test\" (type string) at path \"budget\""}},"_message":"Studies validation failed","level":"error","timestamp":"2021-08-31T12:51:54.521Z"}
{"errors":{"createdBy":{"name":"ValidatorError","message":"Path `createdBy` is required.","properties":{"message":"Path `createdBy` is required.","type":"required","path":"createdBy"},"kind":"required","path":"createdBy"},"updatedBy":{"name":"ValidatorError","message":"Path `updatedBy` is required.","properties":{"message":"Path `updatedBy` is required.","type":"required","path":"updatedBy"},"kind":"required","path":"updatedBy"}},"_message":"Studies validation failed","level":"error","timestamp":"2021-08-31T12:53:15.612Z"}
{"level":"error","timestamp":"2021-09-01T03:14:50.344Z"}
{"level":"info","message":"server started at port: 3001","timestamp":"2021-09-02T03:13:23.746Z"}
{"level":"error","timestamp":"2021-09-02T03:13:57.675Z"}
{"level":"info","message":"server started at port: 3001","timestamp":"2021-09-02T04:53:35.416Z"}
{"level":"error","timestamp":"2021-09-02T05:55:15.439Z"}
{"level":"info","message":"server started at port: 3001","timestamp":"2021-09-02T16:37:39.025Z"}
{"level":"info","message":"server started at port: 3001","timestamp":"2021-09-02T16:38:45.090Z"}
{"level":"info","message":"server started at port: 3001","timestamp":"2021-09-02T16:38:53.020Z"}
{"level":"info","message":"server started at port: 3001","timestamp":"2021-09-02T16:39:27.151Z"}
{"level":"info","message":"server started at port: 3001","timestamp":"2021-09-02T16:40:17.739Z"}
{"level":"info","message":"server started at port: 3001","timestamp":"2021-09-02T16:40:32.482Z"}
{"level":"info","message":"server started at port: 3001","timestamp":"2021-09-02T16:41:11.586Z"}
{"level":"info","message":"server started at port: 3001","timestamp":"2021-09-02T16:41:38.325Z"}
{"level":"error","timestamp":"2021-09-03T00:46:03.115Z"}
{"level":"error","timestamp":"2021-09-03T02:56:32.691Z"}
{"level":"error","message":"Error: /createUSer - ValidationError: title: Path `title` is required., category: Path `category` is required.","timestamp":"2021-09-03T02:58:31.791Z"}
{"level":"error","timestamp":"2021-09-03T02:58:50.321Z"}
{"level":"error","timestamp":"2021-09-03T03:00:05.047Z"}
{"level":"error","timestamp":"2021-09-03T03:00:19.085Z"}
{"level":"info","message":"server started at port: 3001","timestamp":"2021-09-03T14:23:20.844Z"}
{"level":"info","message":"server started at port: 3001","timestamp":"2021-09-03T14:26:36.549Z"}
{"level":"info","message":"server started at port: 3001","timestamp":"2021-09-03T14:42:14.120Z"}
{"level":"info","message":"server started at port: 3001","timestamp":"2021-09-03T14:42:33.682Z"}
{"level":"info","message":"server started at port: 3001","timestamp":"2021-09-03T14:42:36.873Z"}
{"level":"info","message":"server started at port: 3001","timestamp":"2021-09-03T14:43:05.930Z"}
{"level":"info","message":"server started at port: 3001","timestamp":"2021-09-03T14:43:30.834Z"}
{"level":"info","message":"server started at port: 3001","timestamp":"2021-09-03T14:52:28.080Z"}
{"level":"info","message":"server started at port: 3001","timestamp":"2021-09-03T14:53:59.546Z"}
{"level":"info","message":"server started at port: 3001","timestamp":"2021-09-03T14:57:14.778Z"}
{"level":"info","message":"server started at port: 3001","timestamp":"2021-09-03T14:57:23.889Z"}
{"level":"info","message":"server started at port: 3001","timestamp":"2021-09-03T14:57:40.137Z"}
{"level":"error","message":"Create project error!","timestamp":"2021-09-03T14:58:25.686Z"}
{"level":"info","message":"server started at port: 3001","timestamp":"2021-09-03T14:59:50.035Z"}
{"level":"info","message":"server started at port: 3001","timestamp":"2021-09-03T15:06:54.227Z"}
{"level":"info","message":"server started at port: 3001","timestamp":"2021-09-03T15:16:02.561Z"}
{"level":"info","message":"server started at port: 3001","timestamp":"2021-09-03T15:29:05.581Z"}
{"level":"info","message":"server started at port: 3001","timestamp":"2021-09-03T16:24:45.925Z"}
{"level":"info","message":"server started at port: 3001","timestamp":"2021-09-05T05:09:27.558Z"}
{"level":"error","timestamp":"2021-09-05T08:13:28.286Z"}
{"level":"error","timestamp":"2021-09-05T08:13:40.384Z"}
{"level":"error","timestamp":"2021-09-05T08:13:55.414Z"}
{"level":"error","timestamp":"2021-09-05T08:43:28.145Z"}
{"level":"error","timestamp":"2021-09-05T08:43:32.931Z"}
{"level":"error","timestamp":"2021-09-05T08:43:40.229Z"}
{"level":"error","timestamp":"2021-09-05T08:44:13.148Z"}
{"level":"error","timestamp":"2021-09-05T08:46:09.141Z"}
{"level":"info","message":"server started at port: 3001","timestamp":"2021-09-05T13:01:17.216Z"}
{"level":"info","message":"server started at port: 3001","timestamp":"2021-09-05T13:01:22.270Z"}
{"level":"info","message":"server started at port: 3001","timestamp":"2021-09-05T13:03:55.361Z"}
{"level":"info","message":"server started at port: 3001","timestamp":"2021-09-05T13:04:22.764Z"}
{"level":"info","message":"server started at port: 3001","timestamp":"2021-09-05T13:04:48.572Z"}
{"level":"info","message":"server started at port: 3001","timestamp":"2021-09-05T13:04:58.097Z"}
{"level":"info","message":"server started at port: 3001","timestamp":"2021-09-05T13:08:41.396Z"}
{"level":"info","message":"server started at port: 3001","timestamp":"2021-09-05T13:11:54.295Z"}
{"level":"info","message":"server started at port: 3001","timestamp":"2021-09-05T13:14:53.821Z"}
{"level":"info","message":"server started at port: 3001","timestamp":"2021-09-05T13:17:03.290Z"}
{"level":"info","message":"server started at port: 3001","timestamp":"2021-09-05T15:37:21.336Z"}
{"level":"error","timestamp":"2021-09-05T15:37:27.201Z"}
